<?xml version="1.0" encoding="UTF-8"?>
<testng-results total="1" passed="1" failed="0" skipped="0">
  <reporter-output>
  </reporter-output>
  <suite started-at="2020-08-03T20:06:53Z" name="Default suite" finished-at="2020-08-03T20:08:01Z" duration-ms="67528">
    <groups>
    </groups>
    <test started-at="2020-08-03T20:06:53Z" name="Default test" finished-at="2020-08-03T20:08:01Z" duration-ms="67528">
      <class name="com.autodeskcrm.contacttest.DeleteContactTest$deleteContact">
        <test-method signature="createContactWithOrgtest()[pri:0, instance:com.autodeskcrm.contacttest.DeleteContactTest$deleteContact@7995092a]" started-at="2020-08-04T01:36:54Z" name="createContactWithOrgtest" finished-at="2020-08-04T01:38:01Z" duration-ms="67500" status="PASS">
          <reporter-output>
          </reporter-output>
        </test-method> <!-- createContactWithOrgtest -->
      </class> <!-- com.autodeskcrm.contacttest.DeleteContactTest$deleteContact -->
    </test> <!-- Default test -->
  </suite> <!-- Default suite -->
</testng-results>
